1642600194559	geckodriver	INFO	Listening on 127.0.0.1:47355
1642600195069	mozrunner::runner	INFO	Running command: "/usr/bin/firefox" "--marionette" "--remote-debugging-port" "43287" "-no-remote" "-profile" "/tmp/rust_mozprofilegE5lUW"
ATTENTION: default value of option mesa_glthread overridden by environment.
ATTENTION: default value of option mesa_glthread overridden by environment.
ATTENTION: default value of option mesa_glthread overridden by environment.
ATTENTION: default value of option mesa_glthread overridden by environment.
1642600196518	Marionette	INFO	Marionette enabled
console.warn: SearchSettings: "get: No settings file exists, new profile?" (new NotFoundError("Could not open the file at /tmp/rust_mozprofilegE5lUW/search.json.mozlz4", (void 0)))
DevTools listening on ws://localhost:43287/devtools/browser/565d9630-d91f-4080-bbfb-4e58952f5d78
1642600198569	Marionette	INFO	Listening on port 38133
1642600198624	RemoteAgent	WARN	TLS certificate errors will be ignored for this session
1642600231199	geckodriver	INFO	Listening on 127.0.0.1:35475
1642600231205	mozrunner::runner	INFO	Running command: "/usr/bin/firefox" "--marionette" "--remote-debugging-port" "60197" "-no-remote" "-profile" "/tmp/rust_mozprofileA3WbNz"
ATTENTION: default value of option mesa_glthread overridden by environment.
ATTENTION: default value of option mesa_glthread overridden by environment.
ATTENTION: default value of option mesa_glthread overridden by environment.
ATTENTION: default value of option mesa_glthread overridden by environment.
1642600231971	Marionette	INFO	Marionette enabled
console.warn: SearchSettings: "get: No settings file exists, new profile?" (new NotFoundError("Could not open the file at /tmp/rust_mozprofileA3WbNz/search.json.mozlz4", (void 0)))
DevTools listening on ws://localhost:60197/devtools/browser/f36761d1-9a65-47d5-a7ff-ebf02898d341
1642600233762	Marionette	INFO	Listening on port 41479
1642600233826	RemoteAgent	WARN	TLS certificate errors will be ignored for this session
console.error: "stylesheets: fetch failed for https://support.newbalance.com/s/sfsites/l/%7B%22mode%22%3A%22PROD%22%2C%22app%22%3A%22siteforce%3AcommunityApp%22%2C%22loaded%22%3A%7B%22APPLICATION%40markup%3A%2F%2Fsiteforce%3AcommunityApp%22%3A%22B78_-aNM4IDOksLJusJF3g%22%7D%2C%22styleContext%22%3A%7B%22c%22%3A%22firefox%22%2C%22x%22%3A%5B%22isDesktop%22%5D%2C%22tokens%22%3A%5B%22markup%3A%2F%2Fsiteforce%3AserializedTokens%22%2C%22markup%3A%2F%2Fforce%3AsldsTokens%22%2C%22markup%3A%2F%2Fsiteforce%3AcommunityTokens%22%2C%22markup%3A%2F%2Fforce%3AformFactorLarge%22%2C%22markup%3A%2F%2Fsiteforce%3AcommunityFormFactorLarge%22%2C%22markup%3A%2F%2Fsiteforce%3AauraDynamicTokens%22%2C%22markup%3A%2F%2Fsiteforce%3AsldsFontOverride%22%5D%2C%22tuid%22%3A%227hStfMJK1I3vwsgWR6sYkQ%22%2C%22cuid%22%3A-2005482049%7D%2C%22pathPrefix%22%3A%22%22%7D/app.css?aura.attributes=%7B%22schema%22%3A%22Published%22%2C%22brandingSetId%22%3A%2253024195-1022-42e6-a0b2-3afb1c5f59ba%22%2C%22authenticated%22%3A%22false%22%2C%22ac%22%3A%22%22%2C%22formFactor%22%3A%22LARGE%22%2C%22publishedChangelistNum%22%3A%2280%22%2C%22viewType%22%3A%22Published%22%2C%22themeLayoutType%22%3A%22Inner%22%2C%22language%22%3A%22en_US%22%2C%22isHybrid%22%3A%22false%22%2C%22pageId%22%3A%2222453170-36ee-4d4d-9b32-cef004571236%22%7D&2, using system principal instead."
JavaScript error: resource://gre/modules/AsyncShutdown.jsm, line 575: NotFoundError: No such JSWindowActor 'DevToolsFrame'
1642600301971	Marionette	INFO	Stopped listening on port 41479
console.error: "stylesheets: fetch failed for https://support.newbalance.com/s/sfsites/l/%7B%22mode%22%3A%22PROD%22%2C%22app%22%3A%22siteforce%3AcommunityApp%22%2C%22loaded%22%3A%7B%22APPLICATION%40markup%3A%2F%2Fsiteforce%3AcommunityApp%22%3A%22B78_-aNM4IDOksLJusJF3g%22%7D%2C%22styleContext%22%3A%7B%22c%22%3A%22firefox%22%2C%22x%22%3A%5B%22isDesktop%22%5D%2C%22tokens%22%3A%5B%22markup%3A%2F%2Fsiteforce%3AserializedTokens%22%2C%22markup%3A%2F%2Fforce%3AsldsTokens%22%2C%22markup%3A%2F%2Fsiteforce%3AcommunityTokens%22%2C%22markup%3A%2F%2Fforce%3AformFactorLarge%22%2C%22markup%3A%2F%2Fsiteforce%3AcommunityFormFactorLarge%22%2C%22markup%3A%2F%2Fsiteforce%3AauraDynamicTokens%22%2C%22markup%3A%2F%2Fsiteforce%3AsldsFontOverride%22%5D%2C%22tuid%22%3A%227hStfMJK1I3vwsgWR6sYkQ%22%2C%22cuid%22%3A-2005482049%7D%2C%22pathPrefix%22%3A%22%22%7D/app.css?aura.attributes=%7B%22schema%22%3A%22Published%22%2C%22brandingSetId%22%3A%2253024195-1022-42e6-a0b2-3afb1c5f59ba%22%2C%22authenticated%22%3A%22false%22%2C%22ac%22%3A%22%22%2C%22formFactor%22%3A%22LARGE%22%2C%22publishedChangelistNum%22%3A%2280%22%2C%22viewType%22%3A%22Published%22%2C%22themeLayoutType%22%3A%22Inner%22%2C%22language%22%3A%22en_US%22%2C%22isHybrid%22%3A%22false%22%2C%22pageId%22%3A%2222453170-36ee-4d4d-9b32-cef004571236%22%7D&2, using system principal instead."
console.error: "stylesheets: fetch failed for https://support.newbalance.com/s/sfsites/l/%7B%22mode%22%3A%22PROD%22%2C%22app%22%3A%22siteforce%3AcommunityApp%22%2C%22loaded%22%3A%7B%22APPLICATION%40markup%3A%2F%2Fsiteforce%3AcommunityApp%22%3A%22B78_-aNM4IDOksLJusJF3g%22%7D%2C%22styleContext%22%3A%7B%22c%22%3A%22firefox%22%2C%22x%22%3A%5B%22isDesktop%22%5D%2C%22tokens%22%3A%5B%22markup%3A%2F%2Fsiteforce%3AserializedTokens%22%2C%22markup%3A%2F%2Fforce%3AsldsTokens%22%2C%22markup%3A%2F%2Fsiteforce%3AcommunityTokens%22%2C%22markup%3A%2F%2Fforce%3AformFactorLarge%22%2C%22markup%3A%2F%2Fsiteforce%3AcommunityFormFactorLarge%22%2C%22markup%3A%2F%2Fsiteforce%3AauraDynamicTokens%22%2C%22markup%3A%2F%2Fsiteforce%3AsldsFontOverride%22%5D%2C%22tuid%22%3A%227hStfMJK1I3vwsgWR6sYkQ%22%2C%22cuid%22%3A-2005482049%7D%2C%22pathPrefix%22%3A%22%22%7D/app.css?aura.attributes=%7B%22schema%22%3A%22Published%22%2C%22brandingSetId%22%3A%2253024195-1022-42e6-a0b2-3afb1c5f59ba%22%2C%22authenticated%22%3A%22false%22%2C%22ac%22%3A%22%22%2C%22formFactor%22%3A%22LARGE%22%2C%22publishedChangelistNum%22%3A%2280%22%2C%22viewType%22%3A%22Published%22%2C%22themeLayoutType%22%3A%22Inner%22%2C%22language%22%3A%22en_US%22%2C%22isHybrid%22%3A%22false%22%2C%22pageId%22%3A%2222453170-36ee-4d4d-9b32-cef004571236%22%7D&2, using system principal instead."
console.warn: TopSitesFeed: Failed to fetch data from Contile server: NetworkError when attempting to fetch resource.

###!!! [Parent][RunMessage] Error: Channel closing: too late to send/recv, messages will be lost

1642600305586	Marionette	INFO	Stopped listening on port 38133
console.warn: TopSitesFeed: Failed to fetch data from Contile server: NetworkError when attempting to fetch resource.
1642600444761	geckodriver	INFO	Listening on 127.0.0.1:58199
1642600444767	mozrunner::runner	INFO	Running command: "/usr/bin/firefox" "--marionette" "--remote-debugging-port" "39113" "-no-remote" "-profile" "/tmp/rust_mozprofileaPZsD5"
ATTENTION: default value of option mesa_glthread overridden by environment.
ATTENTION: default value of option mesa_glthread overridden by environment.
ATTENTION: default value of option mesa_glthread overridden by environment.
ATTENTION: default value of option mesa_glthread overridden by environment.
1642600445598	Marionette	INFO	Marionette enabled
console.warn: SearchSettings: "get: No settings file exists, new profile?" (new NotFoundError("Could not open the file at /tmp/rust_mozprofileaPZsD5/search.json.mozlz4", (void 0)))
DevTools listening on ws://localhost:39113/devtools/browser/9513c0b3-f8f6-47e4-9f45-7f20841452e2
1642600447111	Marionette	INFO	Listening on port 34083
1642600447189	RemoteAgent	WARN	TLS certificate errors will be ignored for this session
SourceActor threw an exception: Error: Failed to fetch https://support.newbalance.com/s/sfsites/l/%7B%22mode%22%3A%22PROD%22%2C%22app%22%3A%22siteforce%3AcommunityApp%22%2C%22fwuid%22%3A%227FPkrq_-upw5gdD4giTZpg%22%2C%22loaded%22%3A%7B%22APPLICATION%40markup%3A%2F%2Fsiteforce%3AcommunityApp%22%3A%22B78_-aNM4IDOksLJusJF3g%22%7D%2C%22apce%22%3A1%2C%22apck%22%3A%22U3mtPbfj0ZNDsGKcg1-XeA%22%2C%22mlr%22%3A1%2C%22pathPrefix%22%3A%22%22%2C%22dns%22%3A%22c%22%7D/bootstrap.js?aura.attributes=%7B%22schema%22%3A%22Published%22%2C%22brandingSetId%22%3A%2253024195-1022-42e6-a0b2-3afb1c5f59ba%22%2C%22authenticated%22%3A%22false%22%2C%22ac%22%3A%22%22%2C%22formFactor%22%3A%22LARGE%22%2C%22publishedChangelistNum%22%3A%2280%22%2C%22viewType%22%3A%22Published%22%2C%22themeLayoutType%22%3A%22Inner%22%2C%22language%22%3A%22en_US%22%2C%22isHybrid%22%3A%22false%22%2C%22pageId%22%3A%2222453170-36ee-4d4d-9b32-cef004571236%22%7D. Code 2153390067.
Stack: onResponse@resource://devtools/shared/DevToolsUtils.js:556:16
onStopRequest@resource://gre/modules/NetUtil.jsm:128:18
Line: 556, column: 16
console.error: (new Error("Failed to fetch https://support.newbalance.com/s/sfsites/l/%7B%22mode%22%3A%22PROD%22%2C%22app%22%3A%22siteforce%3AcommunityApp%22%2C%22fwuid%22%3A%227FPkrq_-upw5gdD4giTZpg%22%2C%22loaded%22%3A%7B%22APPLICATION%40markup%3A%2F%2Fsiteforce%3AcommunityApp%22%3A%22B78_-aNM4IDOksLJusJF3g%22%7D%2C%22apce%22%3A1%2C%22apck%22%3A%22U3mtPbfj0ZNDsGKcg1-XeA%22%2C%22mlr%22%3A1%2C%22pathPrefix%22%3A%22%22%2C%22dns%22%3A%22c%22%7D/bootstrap.js?aura.attributes=%7B%22schema%22%3A%22Published%22%2C%22brandingSetId%22%3A%2253024195-1022-42e6-a0b2-3afb1c5f59ba%22%2C%22authenticated%22%3A%22false%22%2C%22ac%22%3A%22%22%2C%22formFactor%22%3A%22LARGE%22%2C%22publishedChangelistNum%22%3A%2280%22%2C%22viewType%22%3A%22Published%22%2C%22themeLayoutType%22%3A%22Inner%22%2C%22language%22%3A%22en_US%22%2C%22isHybrid%22%3A%22false%22%2C%22pageId%22%3A%2222453170-36ee-4d4d-9b32-cef004571236%22%7D. Code 2153390067.", "resource://devtools/shared/DevToolsUtils.js", 556))
JavaScript error: resource://devtools/shared/DevToolsUtils.js, line 556: Error: Failed to fetch https://support.newbalance.com/s/sfsites/l/%7B%22mode%22%3A%22PROD%22%2C%22app%22%3A%22siteforce%3AcommunityApp%22%2C%22fwuid%22%3A%227FPkrq_-upw5gdD4giTZpg%22%2C%22loaded%22%3A%7B%22APPLICATION%40markup%3A%2F%2Fsiteforce%3AcommunityApp%22%3A%22B78_-aNM4IDOksLJusJF3g%22%7D%2C%22apce%22%3A1%2C%22apck%22%3A%22U3mtPbfj0ZNDsGKcg1-XeA%22%2C%22mlr%22%3A1%2C%22pathPrefix%22%3A%22%22%2C%22dns%22%3A%22c%22%7D/bootstrap.js?aura.attributes=%7B%22schema%22%3A%22Published%22%2C%22brandingSetId%22%3A%2253024195-1022-42e6-a0b2-3afb1c5f59ba%22%2C%22authenticated%22%3A%22false%22%2C%22ac%22%3A%22%22%2C%22formFactor%22%3A%22LARGE%22%2C%22publishedChangelistNum%22%3A%2280%22%2C%22viewType%22%3A%22Published%22%2C%22themeLayoutType%22%3A%22Inner%22%2C%22language%22%3A%22en_US%22%2C%22isHybrid%22%3A%22false%22%2C%22pageId%22%3A%2222453170-36ee-4d4d-9b32-cef004571236%22%7D. Code 2153390067.
SourceActor threw an exception: Error: Failed to fetch https://support.newbalance.com/s/article/How-Can-I-Apply-for-a-Job-at-New-Balance. Code 2153390067.
Stack: onResponse@resource://devtools/shared/DevToolsUtils.js:556:16
onStopRequest@resource://gre/modules/NetUtil.jsm:128:18
Line: 556, column: 16
console.error: (new Error("Failed to fetch https://support.newbalance.com/s/article/How-Can-I-Apply-for-a-Job-at-New-Balance. Code 2153390067.", "resource://devtools/shared/DevToolsUtils.js", 556))
JavaScript error: resource://devtools/shared/DevToolsUtils.js, line 556: Error: Failed to fetch https://support.newbalance.com/s/article/How-Can-I-Apply-for-a-Job-at-New-Balance. Code 2153390067.
JavaScript error: , line 0: NotFoundError: No such JSWindowActor 'DevToolsFrame'
1642600590852	Marionette	INFO	Stopped listening on port 34083
console.warn: TopSitesFeed: Failed to fetch data from Contile server: NetworkError when attempting to fetch resource.

###!!! [Parent][RunMessage] Error: Channel closing: too late to send/recv, messages will be lost

1642600612406	geckodriver	INFO	Listening on 127.0.0.1:35187
1642600612412	mozrunner::runner	INFO	Running command: "/usr/bin/firefox" "--marionette" "--remote-debugging-port" "45107" "-no-remote" "-profile" "/tmp/rust_mozprofileHfrEgA"
ATTENTION: default value of option mesa_glthread overridden by environment.
ATTENTION: default value of option mesa_glthread overridden by environment.
ATTENTION: default value of option mesa_glthread overridden by environment.
ATTENTION: default value of option mesa_glthread overridden by environment.
1642600613249	Marionette	INFO	Marionette enabled
console.warn: SearchSettings: "get: No settings file exists, new profile?" (new NotFoundError("Could not open the file at /tmp/rust_mozprofileHfrEgA/search.json.mozlz4", (void 0)))
DevTools listening on ws://localhost:45107/devtools/browser/58269ef0-8b31-4104-af6d-e281ee8fa97e
1642600615087	Marionette	INFO	Listening on port 45809
1642600615611	RemoteAgent	WARN	TLS certificate errors will be ignored for this session
1642600693651	Marionette	INFO	Stopped listening on port 45809
console.warn: TopSitesFeed: Failed to fetch data from Contile server: NetworkError when attempting to fetch resource.

###!!! [Parent][RunMessage] Error: Channel closing: too late to send/recv, messages will be lost

1642600806367	geckodriver	INFO	Listening on 127.0.0.1:37181
1642600806373	mozrunner::runner	INFO	Running command: "/usr/bin/firefox" "--marionette" "--remote-debugging-port" "41047" "-no-remote" "-profile" "/tmp/rust_mozprofilehKmY8T"
ATTENTION: default value of option mesa_glthread overridden by environment.
ATTENTION: default value of option mesa_glthread overridden by environment.
ATTENTION: default value of option mesa_glthread overridden by environment.
ATTENTION: default value of option mesa_glthread overridden by environment.
1642600807171	Marionette	INFO	Marionette enabled
console.warn: SearchSettings: "get: No settings file exists, new profile?" (new NotFoundError("Could not open the file at /tmp/rust_mozprofilehKmY8T/search.json.mozlz4", (void 0)))
DevTools listening on ws://localhost:41047/devtools/browser/eb0ad9a9-2fe2-409c-a0bf-7955661475e8
1642600808727	Marionette	INFO	Listening on port 39929
1642600808797	RemoteAgent	WARN	TLS certificate errors will be ignored for this session
1642600877219	Marionette	INFO	Stopped listening on port 39929
console.warn: TopSitesFeed: Failed to fetch data from Contile server: NetworkError when attempting to fetch resource.
1642600879739	geckodriver	INFO	Listening on 127.0.0.1:37905
1642600879745	mozrunner::runner	INFO	Running command: "/usr/bin/firefox" "--marionette" "--remote-debugging-port" "43705" "-no-remote" "-profile" "/tmp/rust_mozprofile8Kv0CJ"
ATTENTION: default value of option mesa_glthread overridden by environment.
ATTENTION: default value of option mesa_glthread overridden by environment.
ATTENTION: default value of option mesa_glthread overridden by environment.
ATTENTION: default value of option mesa_glthread overridden by environment.
1642600880518	Marionette	INFO	Marionette enabled
console.warn: SearchSettings: "get: No settings file exists, new profile?" (new NotFoundError("Could not open the file at /tmp/rust_mozprofile8Kv0CJ/search.json.mozlz4", (void 0)))
DevTools listening on ws://localhost:43705/devtools/browser/79098791-14dc-4c48-91d0-db2a3862ae50
1642600882137	Marionette	INFO	Listening on port 34421
1642600882170	RemoteAgent	WARN	TLS certificate errors will be ignored for this session
1642600943985	Marionette	INFO	Stopped listening on port 34421
console.warn: TopSitesFeed: Failed to fetch data from Contile server: NetworkError when attempting to fetch resource.
1642600946075	geckodriver	INFO	Listening on 127.0.0.1:47475
1642600946081	mozrunner::runner	INFO	Running command: "/usr/bin/firefox" "--marionette" "--remote-debugging-port" "47967" "-no-remote" "-profile" "/tmp/rust_mozprofiledOXccZ"
ATTENTION: default value of option mesa_glthread overridden by environment.
ATTENTION: default value of option mesa_glthread overridden by environment.
ATTENTION: default value of option mesa_glthread overridden by environment.
ATTENTION: default value of option mesa_glthread overridden by environment.
1642600946859	Marionette	INFO	Marionette enabled
console.warn: SearchSettings: "get: No settings file exists, new profile?" (new NotFoundError("Could not open the file at /tmp/rust_mozprofiledOXccZ/search.json.mozlz4", (void 0)))
DevTools listening on ws://localhost:47967/devtools/browser/842f3334-8bba-47cd-85ac-a9eca11e635b
1642600948699	Marionette	INFO	Listening on port 44165
1642600948813	RemoteAgent	WARN	TLS certificate errors will be ignored for this session
1642601023762	Marionette	INFO	Stopped listening on port 44165
console.warn: TopSitesFeed: Failed to fetch data from Contile server: NetworkError when attempting to fetch resource.

###!!! [Parent][RunMessage] Error: Channel closing: too late to send/recv, messages will be lost

1642601140344	geckodriver	INFO	Listening on 127.0.0.1:48289
1642601140349	mozrunner::runner	INFO	Running command: "/usr/bin/firefox" "--marionette" "--remote-debugging-port" "44901" "-no-remote" "-profile" "/tmp/rust_mozprofileIZK1RA"
ATTENTION: default value of option mesa_glthread overridden by environment.
ATTENTION: default value of option mesa_glthread overridden by environment.
ATTENTION: default value of option mesa_glthread overridden by environment.
ATTENTION: default value of option mesa_glthread overridden by environment.
1642601141174	Marionette	INFO	Marionette enabled
console.warn: SearchSettings: "get: No settings file exists, new profile?" (new NotFoundError("Could not open the file at /tmp/rust_mozprofileIZK1RA/search.json.mozlz4", (void 0)))
DevTools listening on ws://localhost:44901/devtools/browser/c8722c97-a589-4646-b240-edc3805c54b4
1642601142635	Marionette	INFO	Listening on port 42029
1642601142676	RemoteAgent	WARN	TLS certificate errors will be ignored for this session
SourceActor threw an exception: Error: Failed to fetch https://support.newbalance.com/s/topic/0TO1L000000ETPvWAO/fit-and-activity-guide. Code 2153390067.
Stack: onResponse@resource://devtools/shared/DevToolsUtils.js:556:16
onStopRequest@resource://gre/modules/NetUtil.jsm:128:18
Line: 556, column: 16
console.error: (new Error("Failed to fetch https://support.newbalance.com/s/topic/0TO1L000000ETPvWAO/fit-and-activity-guide. Code 2153390067.", "resource://devtools/shared/DevToolsUtils.js", 556))
SourceActor threw an exception: Error: Failed to fetch https://support.newbalance.com/s/sfsites/l/%7B%22mode%22%3A%22PROD%22%2C%22app%22%3A%22siteforce%3AcommunityApp%22%2C%22fwuid%22%3A%227FPkrq_-upw5gdD4giTZpg%22%2C%22loaded%22%3A%7B%22APPLICATION%40markup%3A%2F%2Fsiteforce%3AcommunityApp%22%3A%22B78_-aNM4IDOksLJusJF3g%22%7D%2C%22apce%22%3A1%2C%22apck%22%3A%22U3mtPbfj0ZNDsGKcg1-XeA%22%2C%22mlr%22%3A1%2C%22pathPrefix%22%3A%22%22%2C%22dns%22%3A%22c%22%7D/bootstrap.js?aura.attributes=%7B%22schema%22%3A%22Published%22%2C%22brandingSetId%22%3A%2253024195-1022-42e6-a0b2-3afb1c5f59ba%22%2C%22authenticated%22%3A%22false%22%2C%22ac%22%3A%22%22%2C%22formFactor%22%3A%22LARGE%22%2C%22publishedChangelistNum%22%3A%2280%22%2C%22viewType%22%3A%22Published%22%2C%22themeLayoutType%22%3A%22Inner%22%2C%22language%22%3A%22en_US%22%2C%22isHybrid%22%3A%22false%22%2C%22pageId%22%3A%2222453170-36ee-4d4d-9b32-cef004571236%22%7D. Code 2153390067.
Stack: onResponse@resource://devtools/shared/DevToolsUtils.js:556:16
onStopRequest@resource://gre/modules/NetUtil.jsm:128:18
Line: 556, column: 16
console.error: (new Error("Failed to fetch https://support.newbalance.com/s/sfsites/l/%7B%22mode%22%3A%22PROD%22%2C%22app%22%3A%22siteforce%3AcommunityApp%22%2C%22fwuid%22%3A%227FPkrq_-upw5gdD4giTZpg%22%2C%22loaded%22%3A%7B%22APPLICATION%40markup%3A%2F%2Fsiteforce%3AcommunityApp%22%3A%22B78_-aNM4IDOksLJusJF3g%22%7D%2C%22apce%22%3A1%2C%22apck%22%3A%22U3mtPbfj0ZNDsGKcg1-XeA%22%2C%22mlr%22%3A1%2C%22pathPrefix%22%3A%22%22%2C%22dns%22%3A%22c%22%7D/bootstrap.js?aura.attributes=%7B%22schema%22%3A%22Published%22%2C%22brandingSetId%22%3A%2253024195-1022-42e6-a0b2-3afb1c5f59ba%22%2C%22authenticated%22%3A%22false%22%2C%22ac%22%3A%22%22%2C%22formFactor%22%3A%22LARGE%22%2C%22publishedChangelistNum%22%3A%2280%22%2C%22viewType%22%3A%22Published%22%2C%22themeLayoutType%22%3A%22Inner%22%2C%22language%22%3A%22en_US%22%2C%22isHybrid%22%3A%22false%22%2C%22pageId%22%3A%2222453170-36ee-4d4d-9b32-cef004571236%22%7D. Code 2153390067.", "resource://devtools/shared/DevToolsUtils.js", 556))
JavaScript error: resource://devtools/shared/DevToolsUtils.js, line 556: Error: Failed to fetch https://support.newbalance.com/s/topic/0TO1L000000ETPvWAO/fit-and-activity-guide. Code 2153390067.
JavaScript error: resource://devtools/shared/DevToolsUtils.js, line 556: Error: Failed to fetch https://support.newbalance.com/s/sfsites/l/%7B%22mode%22%3A%22PROD%22%2C%22app%22%3A%22siteforce%3AcommunityApp%22%2C%22fwuid%22%3A%227FPkrq_-upw5gdD4giTZpg%22%2C%22loaded%22%3A%7B%22APPLICATION%40markup%3A%2F%2Fsiteforce%3AcommunityApp%22%3A%22B78_-aNM4IDOksLJusJF3g%22%7D%2C%22apce%22%3A1%2C%22apck%22%3A%22U3mtPbfj0ZNDsGKcg1-XeA%22%2C%22mlr%22%3A1%2C%22pathPrefix%22%3A%22%22%2C%22dns%22%3A%22c%22%7D/bootstrap.js?aura.attributes=%7B%22schema%22%3A%22Published%22%2C%22brandingSetId%22%3A%2253024195-1022-42e6-a0b2-3afb1c5f59ba%22%2C%22authenticated%22%3A%22false%22%2C%22ac%22%3A%22%22%2C%22formFactor%22%3A%22LARGE%22%2C%22publishedChangelistNum%22%3A%2280%22%2C%22viewType%22%3A%22Published%22%2C%22themeLayoutType%22%3A%22Inner%22%2C%22language%22%3A%22en_US%22%2C%22isHybrid%22%3A%22false%22%2C%22pageId%22%3A%2222453170-36ee-4d4d-9b32-cef004571236%22%7D. Code 2153390067.
JavaScript error: resource://gre/modules/AsyncShutdown.jsm, line 575: NotFoundError: No such JSWindowActor 'DevToolsFrame'
1642601317464	Marionette	INFO	Stopped listening on port 42029
console.warn: TopSitesFeed: Failed to fetch data from Contile server: NetworkError when attempting to fetch resource.

###!!! [Parent][RunMessage] Error: Channel closing: too late to send/recv, messages will be lost

1642601320059	geckodriver	INFO	Listening on 127.0.0.1:53887
1642601320064	mozrunner::runner	INFO	Running command: "/usr/bin/firefox" "--marionette" "--remote-debugging-port" "49923" "-no-remote" "-profile" "/tmp/rust_mozprofilebPaaLE"
ATTENTION: default value of option mesa_glthread overridden by environment.
ATTENTION: default value of option mesa_glthread overridden by environment.
ATTENTION: default value of option mesa_glthread overridden by environment.
ATTENTION: default value of option mesa_glthread overridden by environment.
1642601320884	Marionette	INFO	Marionette enabled
console.warn: SearchSettings: "get: No settings file exists, new profile?" (new NotFoundError("Could not open the file at /tmp/rust_mozprofilebPaaLE/search.json.mozlz4", (void 0)))
DevTools listening on ws://localhost:49923/devtools/browser/552891bf-f1c2-4c9a-97a2-2b23388d9cc1
1642601322613	Marionette	INFO	Listening on port 42385
1642601322707	RemoteAgent	WARN	TLS certificate errors will be ignored for this session
SourceActor threw an exception: Error: Failed to fetch https://support.newbalance.com/s/topic/0TO1L000000ETPvWAO/fit-and-activity-guide. Code 2153390067.
Stack: onResponse@resource://devtools/shared/DevToolsUtils.js:556:16
onStopRequest@resource://gre/modules/NetUtil.jsm:128:18
Line: 556, column: 16
console.error: (new Error("Failed to fetch https://support.newbalance.com/s/topic/0TO1L000000ETPvWAO/fit-and-activity-guide. Code 2153390067.", "resource://devtools/shared/DevToolsUtils.js", 556))
SourceActor threw an exception: Error: Failed to fetch https://support.newbalance.com/s/sfsites/l/%7B%22mode%22%3A%22PROD%22%2C%22app%22%3A%22siteforce%3AcommunityApp%22%2C%22fwuid%22%3A%227FPkrq_-upw5gdD4giTZpg%22%2C%22loaded%22%3A%7B%22APPLICATION%40markup%3A%2F%2Fsiteforce%3AcommunityApp%22%3A%22B78_-aNM4IDOksLJusJF3g%22%7D%2C%22apce%22%3A1%2C%22apck%22%3A%22U3mtPbfj0ZNDsGKcg1-XeA%22%2C%22mlr%22%3A1%2C%22pathPrefix%22%3A%22%22%2C%22dns%22%3A%22c%22%7D/bootstrap.js?aura.attributes=%7B%22schema%22%3A%22Published%22%2C%22brandingSetId%22%3A%2253024195-1022-42e6-a0b2-3afb1c5f59ba%22%2C%22authenticated%22%3A%22false%22%2C%22ac%22%3A%22%22%2C%22formFactor%22%3A%22LARGE%22%2C%22publishedChangelistNum%22%3A%2280%22%2C%22viewType%22%3A%22Published%22%2C%22themeLayoutType%22%3A%22Inner%22%2C%22language%22%3A%22en_US%22%2C%22isHybrid%22%3A%22false%22%2C%22pageId%22%3A%2222453170-36ee-4d4d-9b32-cef004571236%22%7D. Code 2153390067.
Stack: onResponse@resource://devtools/shared/DevToolsUtils.js:556:16
onStopRequest@resource://gre/modules/NetUtil.jsm:128:18
Line: 556, column: 16
console.error: (new Error("Failed to fetch https://support.newbalance.com/s/sfsites/l/%7B%22mode%22%3A%22PROD%22%2C%22app%22%3A%22siteforce%3AcommunityApp%22%2C%22fwuid%22%3A%227FPkrq_-upw5gdD4giTZpg%22%2C%22loaded%22%3A%7B%22APPLICATION%40markup%3A%2F%2Fsiteforce%3AcommunityApp%22%3A%22B78_-aNM4IDOksLJusJF3g%22%7D%2C%22apce%22%3A1%2C%22apck%22%3A%22U3mtPbfj0ZNDsGKcg1-XeA%22%2C%22mlr%22%3A1%2C%22pathPrefix%22%3A%22%22%2C%22dns%22%3A%22c%22%7D/bootstrap.js?aura.attributes=%7B%22schema%22%3A%22Published%22%2C%22brandingSetId%22%3A%2253024195-1022-42e6-a0b2-3afb1c5f59ba%22%2C%22authenticated%22%3A%22false%22%2C%22ac%22%3A%22%22%2C%22formFactor%22%3A%22LARGE%22%2C%22publishedChangelistNum%22%3A%2280%22%2C%22viewType%22%3A%22Published%22%2C%22themeLayoutType%22%3A%22Inner%22%2C%22language%22%3A%22en_US%22%2C%22isHybrid%22%3A%22false%22%2C%22pageId%22%3A%2222453170-36ee-4d4d-9b32-cef004571236%22%7D. Code 2153390067.", "resource://devtools/shared/DevToolsUtils.js", 556))
JavaScript error: resource://devtools/shared/DevToolsUtils.js, line 556: Error: Failed to fetch https://support.newbalance.com/s/topic/0TO1L000000ETPvWAO/fit-and-activity-guide. Code 2153390067.
JavaScript error: resource://devtools/shared/DevToolsUtils.js, line 556: Error: Failed to fetch https://support.newbalance.com/s/sfsites/l/%7B%22mode%22%3A%22PROD%22%2C%22app%22%3A%22siteforce%3AcommunityApp%22%2C%22fwuid%22%3A%227FPkrq_-upw5gdD4giTZpg%22%2C%22loaded%22%3A%7B%22APPLICATION%40markup%3A%2F%2Fsiteforce%3AcommunityApp%22%3A%22B78_-aNM4IDOksLJusJF3g%22%7D%2C%22apce%22%3A1%2C%22apck%22%3A%22U3mtPbfj0ZNDsGKcg1-XeA%22%2C%22mlr%22%3A1%2C%22pathPrefix%22%3A%22%22%2C%22dns%22%3A%22c%22%7D/bootstrap.js?aura.attributes=%7B%22schema%22%3A%22Published%22%2C%22brandingSetId%22%3A%2253024195-1022-42e6-a0b2-3afb1c5f59ba%22%2C%22authenticated%22%3A%22false%22%2C%22ac%22%3A%22%22%2C%22formFactor%22%3A%22LARGE%22%2C%22publishedChangelistNum%22%3A%2280%22%2C%22viewType%22%3A%22Published%22%2C%22themeLayoutType%22%3A%22Inner%22%2C%22language%22%3A%22en_US%22%2C%22isHybrid%22%3A%22false%22%2C%22pageId%22%3A%2222453170-36ee-4d4d-9b32-cef004571236%22%7D. Code 2153390067.
JavaScript error: resource://gre/modules/AsyncShutdown.jsm, line 575: NotFoundError: No such JSWindowActor 'DevToolsFrame'
1642601912409	Marionette	INFO	Stopped listening on port 42385
console.warn: TopSitesFeed: Failed to fetch data from Contile server: NetworkError when attempting to fetch resource.

###!!! [Parent][RunMessage] Error: Channel closing: too late to send/recv, messages will be lost

1642602246032	geckodriver	INFO	Listening on 127.0.0.1:52577
1642602246544	mozrunner::runner	INFO	Running command: "/usr/bin/firefox" "--marionette" "--remote-debugging-port" "53867" "-no-remote" "-profile" "/tmp/rust_mozprofile4lXWKS"
ATTENTION: default value of option mesa_glthread overridden by environment.
ATTENTION: default value of option mesa_glthread overridden by environment.
ATTENTION: default value of option mesa_glthread overridden by environment.
ATTENTION: default value of option mesa_glthread overridden by environment.
1642602247516	Marionette	INFO	Marionette enabled
console.warn: SearchSettings: "get: No settings file exists, new profile?" (new NotFoundError("Could not open the file at /tmp/rust_mozprofile4lXWKS/search.json.mozlz4", (void 0)))
DevTools listening on ws://localhost:53867/devtools/browser/488f748d-c547-4478-88b2-d55f8f08f0b2
1642602249191	Marionette	INFO	Listening on port 39013
1642602249275	RemoteAgent	WARN	TLS certificate errors will be ignored for this session
Exiting due to channel error.
Exiting due to channel error.
Exiting due to channel error.
1642602400895	geckodriver	INFO	Listening on 127.0.0.1:60583
1642602400901	mozrunner::runner	INFO	Running command: "/usr/bin/firefox" "--marionette" "--remote-debugging-port" "34031" "-no-remote" "-profile" "/tmp/rust_mozprofile8xSnKV"
ATTENTION: default value of option mesa_glthread overridden by environment.
ATTENTION: default value of option mesa_glthread overridden by environment.
ATTENTION: default value of option mesa_glthread overridden by environment.
ATTENTION: default value of option mesa_glthread overridden by environment.
1642602401734	Marionette	INFO	Marionette enabled
console.warn: SearchSettings: "get: No settings file exists, new profile?" (new NotFoundError("Could not open the file at /tmp/rust_mozprofile8xSnKV/search.json.mozlz4", (void 0)))
DevTools listening on ws://localhost:34031/devtools/browser/4e771dc5-ee65-4da0-8dfa-7e4ec9a14b1a
1642602403370	Marionette	INFO	Listening on port 46003
1642602403423	RemoteAgent	WARN	TLS certificate errors will be ignored for this session
1642603348952	Marionette	INFO	Stopped listening on port 46003
console.warn: TopSitesFeed: Failed to fetch data from Contile server: NetworkError when attempting to fetch resource.
